<?xml version="1.0" encoding="UTF-8"?>
<!-- Generated by org.testng.reporters.JUnitXMLReporter -->
<testsuite ignored="1" hostname="DESKTOP-N2A7JQO" failures="0" tests="2" name="SubmitOrder" time="37.884" errors="0" timestamp="2024-09-11T00:46:08 IST">
  <testcase classname="NewStart.StandAloneTest2" name="submitOrder" time="14.559"/>
  <testcase classname="NewStart.StandAloneTest2" name="submitOrder" time="14.76"/>
  <testcase classname="NewStart.StandAloneTest2" name="orderHistoryValidation" time="0.0">
    <ignored/>
  </testcase> <!-- orderHistoryValidation -->
</testsuite> <!-- SubmitOrder -->
